INFO  root localhost-startStop-1
      2016-01-12 01:09:18,711 - Starting root
INFO  org.apache.commmons.beanutils localhost-startStop-1
      2016-01-12 01:09:18,719 - Starting org.apache.commmons.beanutils
INFO  org.apache.commmons.beanutils localhost-startStop-1
      2016-01-12 01:09:18,719 - Starting org.apache.commmons.beanutils
INFO  org.hibernate localhost-startStop-1
      2016-01-12 01:09:18,720 - Starting org.hibernate
INFO  com.ndovado ContainerBackgroundProcessor[StandardEngine[Catalina]]
      2016-01-12 01:11:00,659 - Starting com.ndovado
INFO  org.apache.commmons.beanutils ContainerBackgroundProcessor[StandardEngine[Catalina]]
      2016-01-12 01:11:00,663 - Starting org.apache.commmons.beanutils
INFO  com.ndovado ContainerBackgroundProcessor[StandardEngine[Catalina]]
      2016-01-12 01:11:31,977 - Starting com.ndovado
INFO  org.apache.commmons.beanutils ContainerBackgroundProcessor[StandardEngine[Catalina]]
      2016-01-12 01:11:31,993 - Starting org.apache.commmons.beanutils
INFO  com.ndovado localhost-startStop-1
      2016-01-12 01:17:20,936 - Starting com.ndovado
INFO  org.apache.commmons.beanutils localhost-startStop-1
      2016-01-12 01:17:20,941 - Starting org.apache.commmons.beanutils
INFO  com.ndovado http-nio-8080-exec-3
      2016-01-12 01:17:40,276 - Utente creato
INFO  com.ndovado ContainerBackgroundProcessor[StandardEngine[Catalina]]
      2016-01-12 01:18:14,538 - Starting com.ndovado
INFO  org.apache.commmons.beanutils ContainerBackgroundProcessor[StandardEngine[Catalina]]
      2016-01-12 01:18:14,543 - Starting org.apache.commmons.beanutils
INFO  com.ndovado localhost-startStop-1
      2016-01-12 01:57:17,093 - Starting com.ndovado
INFO  org.apache.commmons.beanutils localhost-startStop-1
      2016-01-12 01:57:17,098 - Starting org.apache.commmons.beanutils
INFO  com.ndovado ContainerBackgroundProcessor[StandardEngine[Catalina]]
      2016-01-12 01:57:48,567 - Starting com.ndovado
INFO  org.apache.commmons.beanutils ContainerBackgroundProcessor[StandardEngine[Catalina]]
      2016-01-12 01:57:48,582 - Starting org.apache.commmons.beanutils
INFO  com.ndovado ContainerBackgroundProcessor[StandardEngine[Catalina]]
      2016-01-12 02:01:32,174 - Starting com.ndovado
INFO  org.apache.commmons.beanutils ContainerBackgroundProcessor[StandardEngine[Catalina]]
      2016-01-12 02:01:32,179 - Starting org.apache.commmons.beanutils
INFO  com.ndovado localhost-startStop-1
      2016-01-12 02:06:02,794 - Starting com.ndovado
INFO  org.apache.commmons.beanutils localhost-startStop-1
      2016-01-12 02:06:02,799 - Starting org.apache.commmons.beanutils
